ERROR - 2022-11-07 22:11:01 --> Error connecting to the database: mysqli_sql_exception: Unknown database 'delivery2.0' in C:\Users\HP\Desktop\tesina-29-10-2022\delivery2-27-10-2022\system\Database\MySQLi\Connection.php:171
Stack trace:
#0 C:\Users\HP\Desktop\tesina-29-10-2022\delivery2-27-10-2022\system\Database\MySQLi\Connection.php(171): mysqli->real_connect('localhost', 'root', '', 'delivery2.0', 3306, '', 0)
#1 C:\Users\HP\Desktop\tesina-29-10-2022\delivery2-27-10-2022\system\Database\BaseConnection.php(382): CodeIgniter\Database\MySQLi\Connection->connect(false)
#2 C:\Users\HP\Desktop\tesina-29-10-2022\delivery2-27-10-2022\system\Database\BaseConnection.php(588): CodeIgniter\Database\BaseConnection->initialize()
#3 C:\Users\HP\Desktop\tesina-29-10-2022\delivery2-27-10-2022\system\Database\BaseBuilder.php(1585): CodeIgniter\Database\BaseConnection->query('SELECT *\nFROM `...', Array, false)
#4 C:\Users\HP\Desktop\tesina-29-10-2022\delivery2-27-10-2022\system\Model.php(249): CodeIgniter\Database\BaseBuilder->get()
#5 C:\Users\HP\Desktop\tesina-29-10-2022\delivery2-27-10-2022\system\BaseModel.php(622): CodeIgniter\Model->doFirst()
#6 C:\Users\HP\Desktop\tesina-29-10-2022\delivery2-27-10-2022\app\Controllers\LoginController.php(40): CodeIgniter\BaseModel->first()
#7 C:\Users\HP\Desktop\tesina-29-10-2022\delivery2-27-10-2022\system\CodeIgniter.php(898): App\Controllers\LoginController->login()
#8 C:\Users\HP\Desktop\tesina-29-10-2022\delivery2-27-10-2022\system\CodeIgniter.php(457): CodeIgniter\CodeIgniter->runController(Object(App\Controllers\LoginController))
#9 C:\Users\HP\Desktop\tesina-29-10-2022\delivery2-27-10-2022\system\CodeIgniter.php(340): CodeIgniter\CodeIgniter->handleRequest(NULL, Object(Config\Cache), false)
#10 C:\Users\HP\Desktop\tesina-29-10-2022\delivery2-27-10-2022\public\index.php(67): CodeIgniter\CodeIgniter->run()
#11 C:\Users\HP\Desktop\tesina-29-10-2022\delivery2-27-10-2022\system\Commands\Server\rewrite.php(43): require_once('C:\\Users\\HP\\Des...')
#12 {main}

Next CodeIgniter\Database\Exceptions\DatabaseException: Unknown database 'delivery2.0' in C:\Users\HP\Desktop\tesina-29-10-2022\delivery2-27-10-2022\system\Database\MySQLi\Connection.php:215
Stack trace:
#0 C:\Users\HP\Desktop\tesina-29-10-2022\delivery2-27-10-2022\system\Database\BaseConnection.php(382): CodeIgniter\Database\MySQLi\Connection->connect(false)
#1 C:\Users\HP\Desktop\tesina-29-10-2022\delivery2-27-10-2022\system\Database\BaseConnection.php(588): CodeIgniter\Database\BaseConnection->initialize()
#2 C:\Users\HP\Desktop\tesina-29-10-2022\delivery2-27-10-2022\system\Database\BaseBuilder.php(1585): CodeIgniter\Database\BaseConnection->query('SELECT *\nFROM `...', Array, false)
#3 C:\Users\HP\Desktop\tesina-29-10-2022\delivery2-27-10-2022\system\Model.php(249): CodeIgniter\Database\BaseBuilder->get()
#4 C:\Users\HP\Desktop\tesina-29-10-2022\delivery2-27-10-2022\system\BaseModel.php(622): CodeIgniter\Model->doFirst()
#5 C:\Users\HP\Desktop\tesina-29-10-2022\delivery2-27-10-2022\app\Controllers\LoginController.php(40): CodeIgniter\BaseModel->first()
#6 C:\Users\HP\Desktop\tesina-29-10-2022\delivery2-27-10-2022\system\CodeIgniter.php(898): App\Controllers\LoginController->login()
#7 C:\Users\HP\Desktop\tesina-29-10-2022\delivery2-27-10-2022\system\CodeIgniter.php(457): CodeIgniter\CodeIgniter->runController(Object(App\Controllers\LoginController))
#8 C:\Users\HP\Desktop\tesina-29-10-2022\delivery2-27-10-2022\system\CodeIgniter.php(340): CodeIgniter\CodeIgniter->handleRequest(NULL, Object(Config\Cache), false)
#9 C:\Users\HP\Desktop\tesina-29-10-2022\delivery2-27-10-2022\public\index.php(67): CodeIgniter\CodeIgniter->run()
#10 C:\Users\HP\Desktop\tesina-29-10-2022\delivery2-27-10-2022\system\Commands\Server\rewrite.php(43): require_once('C:\\Users\\HP\\Des...')
#11 {main}
ERROR - 2022-11-07 22:11:11 --> Error connecting to the database: mysqli_sql_exception: Unknown database 'delivery2.0' in C:\Users\HP\Desktop\tesina-29-10-2022\delivery2-27-10-2022\system\Database\MySQLi\Connection.php:171
Stack trace:
#0 C:\Users\HP\Desktop\tesina-29-10-2022\delivery2-27-10-2022\system\Database\MySQLi\Connection.php(171): mysqli->real_connect('localhost', 'root', '', 'delivery2.0', 3306, '', 0)
#1 C:\Users\HP\Desktop\tesina-29-10-2022\delivery2-27-10-2022\system\Database\BaseConnection.php(382): CodeIgniter\Database\MySQLi\Connection->connect(false)
#2 C:\Users\HP\Desktop\tesina-29-10-2022\delivery2-27-10-2022\system\Database\BaseConnection.php(588): CodeIgniter\Database\BaseConnection->initialize()
#3 C:\Users\HP\Desktop\tesina-29-10-2022\delivery2-27-10-2022\system\Database\BaseBuilder.php(1585): CodeIgniter\Database\BaseConnection->query('SELECT *\nFROM `...', Array, false)
#4 C:\Users\HP\Desktop\tesina-29-10-2022\delivery2-27-10-2022\system\Model.php(249): CodeIgniter\Database\BaseBuilder->get()
#5 C:\Users\HP\Desktop\tesina-29-10-2022\delivery2-27-10-2022\system\BaseModel.php(622): CodeIgniter\Model->doFirst()
#6 C:\Users\HP\Desktop\tesina-29-10-2022\delivery2-27-10-2022\app\Controllers\LoginController.php(40): CodeIgniter\BaseModel->first()
#7 C:\Users\HP\Desktop\tesina-29-10-2022\delivery2-27-10-2022\system\CodeIgniter.php(898): App\Controllers\LoginController->login()
#8 C:\Users\HP\Desktop\tesina-29-10-2022\delivery2-27-10-2022\system\CodeIgniter.php(457): CodeIgniter\CodeIgniter->runController(Object(App\Controllers\LoginController))
#9 C:\Users\HP\Desktop\tesina-29-10-2022\delivery2-27-10-2022\system\CodeIgniter.php(340): CodeIgniter\CodeIgniter->handleRequest(NULL, Object(Config\Cache), false)
#10 C:\Users\HP\Desktop\tesina-29-10-2022\delivery2-27-10-2022\public\index.php(67): CodeIgniter\CodeIgniter->run()
#11 C:\Users\HP\Desktop\tesina-29-10-2022\delivery2-27-10-2022\system\Commands\Server\rewrite.php(43): require_once('C:\\Users\\HP\\Des...')
#12 {main}

Next CodeIgniter\Database\Exceptions\DatabaseException: Unknown database 'delivery2.0' in C:\Users\HP\Desktop\tesina-29-10-2022\delivery2-27-10-2022\system\Database\MySQLi\Connection.php:215
Stack trace:
#0 C:\Users\HP\Desktop\tesina-29-10-2022\delivery2-27-10-2022\system\Database\BaseConnection.php(382): CodeIgniter\Database\MySQLi\Connection->connect(false)
#1 C:\Users\HP\Desktop\tesina-29-10-2022\delivery2-27-10-2022\system\Database\BaseConnection.php(588): CodeIgniter\Database\BaseConnection->initialize()
#2 C:\Users\HP\Desktop\tesina-29-10-2022\delivery2-27-10-2022\system\Database\BaseBuilder.php(1585): CodeIgniter\Database\BaseConnection->query('SELECT *\nFROM `...', Array, false)
#3 C:\Users\HP\Desktop\tesina-29-10-2022\delivery2-27-10-2022\system\Model.php(249): CodeIgniter\Database\BaseBuilder->get()
#4 C:\Users\HP\Desktop\tesina-29-10-2022\delivery2-27-10-2022\system\BaseModel.php(622): CodeIgniter\Model->doFirst()
#5 C:\Users\HP\Desktop\tesina-29-10-2022\delivery2-27-10-2022\app\Controllers\LoginController.php(40): CodeIgniter\BaseModel->first()
#6 C:\Users\HP\Desktop\tesina-29-10-2022\delivery2-27-10-2022\system\CodeIgniter.php(898): App\Controllers\LoginController->login()
#7 C:\Users\HP\Desktop\tesina-29-10-2022\delivery2-27-10-2022\system\CodeIgniter.php(457): CodeIgniter\CodeIgniter->runController(Object(App\Controllers\LoginController))
#8 C:\Users\HP\Desktop\tesina-29-10-2022\delivery2-27-10-2022\system\CodeIgniter.php(340): CodeIgniter\CodeIgniter->handleRequest(NULL, Object(Config\Cache), false)
#9 C:\Users\HP\Desktop\tesina-29-10-2022\delivery2-27-10-2022\public\index.php(67): CodeIgniter\CodeIgniter->run()
#10 C:\Users\HP\Desktop\tesina-29-10-2022\delivery2-27-10-2022\system\Commands\Server\rewrite.php(43): require_once('C:\\Users\\HP\\Des...')
#11 {main}
CRITICAL - 2022-11-07 22:39:12 --> Invalid file: usuarios/index.php
in SYSTEMPATH\Exceptions\FrameworkException.php on line 33.
 1 SYSTEMPATH\View\View.php(201): CodeIgniter\Exceptions\FrameworkException::forInvalidFile('usuarios/index.php')
 2 SYSTEMPATH\Common.php(1137): CodeIgniter\View\View->render('usuarios/index', [], true)
 3 APPPATH\Controllers\UsuariosController.php(34): view('usuarios/index', [...])
 4 SYSTEMPATH\CodeIgniter.php(898): App\Controllers\UsuariosController->index()
 5 SYSTEMPATH\CodeIgniter.php(457): CodeIgniter\CodeIgniter->runController(Object(App\Controllers\UsuariosController))
 6 SYSTEMPATH\CodeIgniter.php(340): CodeIgniter\CodeIgniter->handleRequest(null, Object(Config\Cache), false)
 7 FCPATH\index.php(67): CodeIgniter\CodeIgniter->run()
 8 SYSTEMPATH\Commands\Server\rewrite.php(43): require_once('FCPATH\\index.php')
CRITICAL - 2022-11-07 22:42:43 --> Invalid file: usuarios/index.php
in SYSTEMPATH\Exceptions\FrameworkException.php on line 33.
 1 SYSTEMPATH\View\View.php(201): CodeIgniter\Exceptions\FrameworkException::forInvalidFile('usuarios/index.php')
 2 SYSTEMPATH\Common.php(1137): CodeIgniter\View\View->render('usuarios/index', [], true)
 3 APPPATH\Controllers\UsuariosController.php(34): view('usuarios/index', [...])
 4 SYSTEMPATH\CodeIgniter.php(898): App\Controllers\UsuariosController->index()
 5 SYSTEMPATH\CodeIgniter.php(457): CodeIgniter\CodeIgniter->runController(Object(App\Controllers\UsuariosController))
 6 SYSTEMPATH\CodeIgniter.php(340): CodeIgniter\CodeIgniter->handleRequest(null, Object(Config\Cache), false)
 7 FCPATH\index.php(67): CodeIgniter\CodeIgniter->run()
 8 SYSTEMPATH\Commands\Server\rewrite.php(43): require_once('FCPATH\\index.php')
